0 info it worked if it ends with ok
1 verbose cli [ '/home/ubuntu/.nvm/v0.10.35/bin/node',
1 verbose cli   '/home/ubuntu/.nvm/v0.10.35/bin/npm',
1 verbose cli   'install',
1 verbose cli   'karma--save-dev' ]
2 info using npm@1.4.28
3 info using node@v0.10.35
4 warn package.json practica4@1.0.0 No README data
5 verbose readDependencies using package.json deps
6 verbose cache add [ 'karma--save-dev', null ]
7 verbose cache add name=undefined spec="karma--save-dev" args=["karma--save-dev",null]
8 verbose parsed url { protocol: null,
8 verbose parsed url   slashes: null,
8 verbose parsed url   auth: null,
8 verbose parsed url   host: null,
8 verbose parsed url   port: null,
8 verbose parsed url   hostname: null,
8 verbose parsed url   hash: null,
8 verbose parsed url   search: null,
8 verbose parsed url   query: null,
8 verbose parsed url   pathname: 'karma--save-dev',
8 verbose parsed url   path: 'karma--save-dev',
8 verbose parsed url   href: 'karma--save-dev' }
9 silly lockFile 44223a82-karma-save-dev karma--save-dev
10 verbose lock karma--save-dev /home/ubuntu/.npm/44223a82-karma-save-dev.lock
11 silly lockFile 44223a82-karma-save-dev karma--save-dev
12 silly lockFile 44223a82-karma-save-dev karma--save-dev
13 verbose addNamed [ 'karma--save-dev', '' ]
14 verbose addNamed [ null, '*' ]
15 silly lockFile 277963a6-karma-save-dev karma--save-dev@
16 verbose lock karma--save-dev@ /home/ubuntu/.npm/277963a6-karma-save-dev.lock
17 silly addNameRange { name: 'karma--save-dev', range: '*', hasData: false }
18 verbose request where is /karma--save-dev
19 verbose request registry https://registry.npmjs.org/
20 verbose request id 1f67bb6f6188a670
21 verbose url raw /karma--save-dev
22 verbose url resolving [ 'https://registry.npmjs.org/', './karma--save-dev' ]
23 verbose url resolved https://registry.npmjs.org/karma--save-dev
24 verbose request where is https://registry.npmjs.org/karma--save-dev
25 info trying registry request attempt 1 at 18:14:45
26 http GET https://registry.npmjs.org/karma--save-dev
27 http 404 https://registry.npmjs.org/karma--save-dev
28 silly registry.get cb [ 404,
28 silly registry.get   { 'content-type': 'application/json',
28 silly registry.get     'cache-control': 'max-age=0',
28 silly registry.get     'content-length': '2',
28 silly registry.get     'accept-ranges': 'bytes',
28 silly registry.get     date: 'Wed, 28 Oct 2015 18:14:45 GMT',
28 silly registry.get     via: '1.1 varnish',
28 silly registry.get     age: '0',
28 silly registry.get     connection: 'keep-alive',
28 silly registry.get     'x-served-by': 'cache-ams4141-AMS',
28 silly registry.get     'x-cache': 'MISS',
28 silly registry.get     'x-cache-hits': '0',
28 silly registry.get     'x-timer': 'S1446056085.651438,VS0,VE107' } ]
29 silly lockFile 277963a6-karma-save-dev karma--save-dev@
30 silly lockFile 277963a6-karma-save-dev karma--save-dev@
31 error 404 Not Found
31 error 404
31 error 404 'karma--save-dev' is not in the npm registry.
31 error 404 You should bug the author to publish it
31 error 404 It was specified as a dependency of 'practica4'
31 error 404
31 error 404 Note that you can also install from a
31 error 404 tarball, folder, or http url, or git url.
32 error System Linux 4.2.0-c9
33 error command "/home/ubuntu/.nvm/v0.10.35/bin/node" "/home/ubuntu/.nvm/v0.10.35/bin/npm" "install" "karma--save-dev"
34 error cwd /home/ubuntu/workspace/practica4
35 error node -v v0.10.35
36 error npm -v 1.4.28
37 error code E404
38 verbose exit [ 1, true ]
